<?xml version="1.0" encoding="UTF-8"?>
<!-- Generated by org.testng.reporters.JUnitReportReporter -->
<testsuite hostname="ZSCHN01LP0345" failures="0" tests="5" name="DemoBlaze.BlazeTest" time="12.397" errors="0" timestamp="2024-02-05T15:39:42 IST" skipped="0">
  <testcase classname="DemoBlaze.BlazeTest" name="validLogin" time="2.791"/>
  <system-out/>
  <testcase classname="DemoBlaze.BlazeTest" name="addItem" time="3.878"/>
  <system-out/>
  <testcase classname="DemoBlaze.BlazeTest" name="addItem" time="3.344"/>
  <system-out/>
  <testcase classname="DemoBlaze.BlazeTest" name="checkCart" time="0.133"/>
  <system-out/>
  <testcase classname="DemoBlaze.BlazeTest" name="checkCart" time="2.251"/>
  <system-out/>
</testsuite> <!-- DemoBlaze.BlazeTest -->
