<?xml version="1.0" encoding="UTF-8"?>
<!-- Generated by org.testng.reporters.JUnitReportReporter -->
<testsuite hostname="ZSCHN01LP0345" failures="0" tests="1" name="testScripts.GoogleSearchTest" time="16.504" errors="0" timestamp="2024-01-30T19:31:42 IST" skipped="0">
  <testcase classname="testScripts.GoogleSearchTest" name="searchJavaTest" time="16.504"/>
  <system-out/>
</testsuite> <!-- testScripts.GoogleSearchTest -->
