<?xml version="1.0" encoding="UTF-8"?>
<!-- Generated by org.testng.reporters.JUnitReportReporter -->
<testsuite hostname="ZSCHN01LP0345" failures="0" tests="1" name="testScripts.DBTesting" time="0.020" errors="0" timestamp="2024-02-10T14:49:04 IST" skipped="0">
  <testcase classname="testScripts.DBTesting" name="test" time="0.020"/>
  <system-out/>
</testsuite> <!-- testScripts.DBTesting -->
