<?xml version="1.0" encoding="UTF-8"?>
<!-- Generated by org.testng.reporters.JUnitReportReporter -->
<testsuite hostname="ZSCHN01LP0345" failures="0" tests="4" name="groupScripts.Sample" time="0.014" errors="0" timestamp="2024-02-02T10:36:33 IST" skipped="0">
  <testcase classname="groupScripts.Sample" name="testFour" time="0.005"/>
  <system-out/>
  <testcase classname="groupScripts.Sample" name="testThree" time="0.003"/>
  <system-out/>
  <testcase classname="groupScripts.Sample" name="testOne" time="0.001"/>
  <system-out/>
  <testcase classname="groupScripts.Sample" name="testTwo" time="0.005"/>
  <system-out/>
</testsuite> <!-- groupScripts.Sample -->
