<?xml version="1.0" encoding="UTF-8"?>
<!-- Generated by org.testng.reporters.JUnitReportReporter -->
<testsuite hostname="ZSCHN01LP0345" failures="0" tests="1" name="testScripts.DBEmployeeTest" time="0.009" errors="0" timestamp="2024-02-13T10:23:38 IST" skipped="0">
  <testcase classname="testScripts.DBEmployeeTest" name="test" time="0.009"/>
  <system-out/>
</testsuite> <!-- testScripts.DBEmployeeTest -->
