<?xml version="1.0" encoding="UTF-8"?>
<!-- Generated by org.testng.reporters.JUnitReportReporter -->
<testsuite hostname="ZSCHN01LP0345" failures="0" tests="1" name="testScripts.WebTableTest2" time="8.136" errors="0" timestamp="2024-01-30T16:28:20 IST" skipped="0">
  <testcase classname="testScripts.WebTableTest2" name="searchTable" time="8.136"/>
  <system-out/>
</testsuite> <!-- testScripts.WebTableTest2 -->
