<?xml version="1.0" encoding="UTF-8"?>
<!-- Generated by org.testng.reporters.JUnitReportReporter -->
<testsuite hostname="ZSCHN01LP0345" failures="0" tests="1" name="testScripts.DisplayMessage" time="7.482" errors="0" timestamp="2024-01-31T09:24:51 IST" skipped="0">
  <testcase classname="testScripts.DisplayMessage" name="displayText" time="7.482"/>
  <system-out/>
</testsuite> <!-- testScripts.DisplayMessage -->
