<?xml version="1.0" encoding="UTF-8"?>
<!-- Generated by org.testng.reporters.JUnitReportReporter -->
<testsuite hostname="ZSCHN01LP0345" failures="0" tests="6" name="demoBlazeLogin.Login" time="9.168" errors="0" timestamp="2024-02-07T17:03:08 IST" skipped="0">
  <testcase classname="demoBlazeLogin.Login" name="invalidPassword" time="1.481"/>
  <system-out/>
  <testcase classname="demoBlazeLogin.Login" name="invalid" time="1.929"/>
  <system-out/>
  <testcase classname="demoBlazeLogin.Login" name="blankPassword" time="1.035"/>
  <system-out/>
  <testcase classname="demoBlazeLogin.Login" name="blankUser" time="0.928"/>
  <system-out/>
  <testcase classname="demoBlazeLogin.Login" name="blank" time="2.366"/>
  <system-out/>
  <testcase classname="demoBlazeLogin.Login" name="invalidUser" time="1.429"/>
  <system-out/>
</testsuite> <!-- demoBlazeLogin.Login -->
