<?xml version="1.0" encoding="UTF-8"?>
<!-- Generated by org.testng.reporters.JUnitReportReporter -->
<testsuite hostname="ZSCHN01LP0345" failures="0" tests="1" name="testScripts.DBEmployeeTest" time="0.006" errors="0" timestamp="2024-02-12T14:50:25 IST" skipped="0">
  <testcase classname="testScripts.DBEmployeeTest" name="test" time="0.006"/>
  <system-out/>
</testsuite> <!-- testScripts.DBEmployeeTest -->
