<?xml version="1.0" encoding="UTF-8"?>
<!-- Generated by org.testng.reporters.JUnitReportReporter -->
<testsuite hostname="ZSCHN01LP0345" failures="0" tests="1" name="testScripts.PlayWright" time="14.746" errors="0" timestamp="2024-02-06T17:00:37 IST" skipped="0">
  <testcase classname="testScripts.PlayWright" name="displayList" time="14.746"/>
  <system-out/>
</testsuite> <!-- testScripts.PlayWright -->
