<?xml version="1.0" encoding="UTF-8"?>
<!-- Generated by org.testng.reporters.JUnitReportReporter -->
<testsuite hostname="ZSCHN01LP0345" failures="0" tests="1" name="testScripts.LoginPageTest" time="57.065" errors="0" timestamp="2024-02-02T10:38:34 IST" skipped="0">
  <testcase classname="testScripts.LoginPageTest" name="validLogin" time="57.065"/>
  <system-out/>
</testsuite> <!-- testScripts.LoginPageTest -->
