<?xml version="1.0" encoding="UTF-8"?>
<!-- Generated by org.testng.reporters.JUnitReportReporter -->
<testsuite hostname="ZSCHN01LP0345" failures="0" tests="1" name="testScripts.FileUpload" time="7.412" errors="0" timestamp="2024-01-31T17:52:12 IST" skipped="0">
  <testcase classname="testScripts.FileUpload" name="upload" time="7.412"/>
  <system-out/>
</testsuite> <!-- testScripts.FileUpload -->
