<?xml version="1.0" encoding="UTF-8"?>
<!-- Generated by org.testng.reporters.JUnitReportReporter -->
<testsuite hostname="ZSCHN01LP0345" failures="0" tests="1" name="testScripts.Automation" time="7.074" errors="0" timestamp="2024-01-31T09:16:01 IST" skipped="0">
  <testcase classname="testScripts.Automation" name="automateForms" time="7.074"/>
  <system-out/>
</testsuite> <!-- testScripts.Automation -->
