<?xml version="1.0" encoding="UTF-8"?>
<!-- Generated by org.testng.reporters.JUnitReportReporter -->
<testsuite hostname="ZSCHN01LP0345" failures="0" tests="1" name="testScripts.AlertTest" time="3.743" errors="0" timestamp="2024-01-31T15:17:31 IST" skipped="0">
  <testcase classname="testScripts.AlertTest" name="sampleAlert" time="3.743"/>
  <system-out/>
</testsuite> <!-- testScripts.AlertTest -->
