<?xml version="1.0" encoding="UTF-8"?>
<!-- Generated by org.testng.reporters.JUnitReportReporter -->
<testsuite hostname="ZSCHN01LP0345" failures="0" tests="3" name="testScripts.GoogleSearchScenarios" time="21.367" errors="0" timestamp="2024-02-01T16:33:07 IST" skipped="1">
  <testcase classname="testScripts.GoogleSearchScenarios" name="scenario1" time="9.707"/>
  <system-out/>
  <testcase classname="testScripts.GoogleSearchScenarios" name="scenario3" time="11.660"/>
  <system-out/>
  <testcase classname="testScripts.GoogleSearchScenarios" name="scenario2">
    <skipped/>
  </testcase> <!-- scenario2 -->
  <system-out/>
</testsuite> <!-- testScripts.GoogleSearchScenarios -->
