<?xml version="1.0" encoding="UTF-8"?>
<!-- Generated by org.testng.reporters.JUnitReportReporter -->
<testsuite hostname="ZSCHN01LP0345" failures="0" tests="1" name="testScripts.JqueryIFrame" time="9.567" errors="0" timestamp="2024-02-03T12:32:06 IST" skipped="0">
  <testcase classname="testScripts.JqueryIFrame" name="iFrame" time="9.567"/>
  <system-out/>
</testsuite> <!-- testScripts.JqueryIFrame -->
