<?xml version="1.0" encoding="UTF-8"?>
<!-- Generated by org.testng.reporters.JUnitReportReporter -->
<testsuite hostname="ZSCHN01LP0345" failures="0" tests="1" name="testScripts.JqueryUi" time="11.140" errors="0" timestamp="2024-02-03T12:30:55 IST" skipped="0">
  <testcase classname="testScripts.JqueryUi" name="uiTest" time="11.140"/>
  <system-out/>
</testsuite> <!-- testScripts.JqueryUi -->
