<?xml version="1.0" encoding="UTF-8"?>
<!-- Generated by org.testng.reporters.JUnitReportReporter -->
<testsuite hostname="ZSCHN01LP0345" failures="0" tests="1" name="testScripts.IFrameTest" time="7.464" errors="0" timestamp="2024-02-03T12:40:45 IST" skipped="0">
  <testcase classname="testScripts.IFrameTest" name="sampleTest" time="7.464"/>
  <system-out/>
</testsuite> <!-- testScripts.IFrameTest -->
