<?xml version="1.0" encoding="UTF-8"?>
<!-- Generated by org.testng.reporters.JUnitReportReporter -->
<testsuite hostname="ZSCHN01LP0345" failures="0" tests="1" name="testScripts.PopupWinTest" time="15.861" errors="0" timestamp="2024-01-31T15:58:54 IST" skipped="0">
  <testcase classname="testScripts.PopupWinTest" name="sampleWindow" time="15.861"/>
  <system-out/>
</testsuite> <!-- testScripts.PopupWinTest -->
