<?xml version="1.0" encoding="UTF-8"?>
<!-- Generated by org.testng.reporters.JUnitReportReporter -->
<testsuite hostname="ZSCHN01LP0345" failures="0" tests="1" name="testScripts.DropdownTest" time="10.417" errors="0" timestamp="2024-02-14T10:28:50 IST" skipped="0">
  <testcase classname="testScripts.DropdownTest" name="f" time="10.417"/>
  <system-out/>
</testsuite> <!-- testScripts.DropdownTest -->
