<?xml version="1.0" encoding="UTF-8"?>
<!-- Generated by org.testng.reporters.JUnitReportReporter -->
<testsuite hostname="ZSCHN01LP0345" failures="0" tests="1" name="testScripts.FileDownload" time="11.837" errors="0" timestamp="2024-02-01T10:21:11 IST" skipped="0">
  <testcase classname="testScripts.FileDownload" name="sample" time="11.837"/>
  <system-out/>
</testsuite> <!-- testScripts.FileDownload -->
