<?xml version="1.0" encoding="UTF-8"?>
<!-- Generated by org.testng.reporters.JUnitReportReporter -->
<testsuite hostname="ZSCHN01LP0345" failures="0" tests="1" name="testScripts.MouseActionsTest" time="13.755" errors="0" timestamp="2024-01-31T13:14:18 IST" skipped="0">
  <testcase classname="testScripts.MouseActionsTest" name="f" time="13.755"/>
  <system-out/>
</testsuite> <!-- testScripts.MouseActionsTest -->
