<?xml version="1.0" encoding="UTF-8"?>
<!-- Generated by org.testng.reporters.JUnitReportReporter -->
<testsuite hostname="ZSCHN01LP0345" failures="0" tests="1" name="testScripts.HideImageTest" time="2.912" errors="0" timestamp="2024-02-01T10:39:21 IST" skipped="0">
  <testcase classname="testScripts.HideImageTest" name="f" time="2.912"/>
  <system-out/>
</testsuite> <!-- testScripts.HideImageTest -->
